<?xml version="1.0" encoding="UTF-8"?>
<testng-results ignored="0" total="1" passed="1" failed="0" skipped="0">
  <reporter-output>
  </reporter-output>
  <suite started-at="2024-01-30T18:28:15 IST" name="Suite" finished-at="2024-01-30T18:28:28 IST" duration-ms="12494">
    <groups>
    </groups>
    <test started-at="2024-01-30T18:28:15 IST" name="Test" finished-at="2024-01-30T18:28:28 IST" duration-ms="12494">
      <class name="Tester.Tester">
        <test-method signature="main_test()[pri:0, instance:Tester.Tester@7b9a4292]" started-at="2024-01-30T18:28:15 IST" name="main_test" finished-at="2024-01-30T18:28:28 IST" duration-ms="12436" status="PASS">
          <reporter-output>
          </reporter-output>
        </test-method> <!-- main_test -->
      </class> <!-- Tester.Tester -->
    </test> <!-- Test -->
  </suite> <!-- Suite -->
</testng-results>
