<?xml version="1.0" encoding="UTF-8"?>
<testng-results ignored="0" total="1" passed="1" failed="0" skipped="0">
  <reporter-output>
  </reporter-output>
  <suite started-at="2024-01-30T18:57:47 IST" name="Default suite" finished-at="2024-01-30T18:58:06 IST" duration-ms="18964">
    <groups>
    </groups>
    <test started-at="2024-01-30T18:57:47 IST" name="Default test" finished-at="2024-01-30T18:58:06 IST" duration-ms="18964">
      <class name="Tester.Tester">
        <test-method signature="main_test()[pri:0, instance:Tester.Tester@18078bef]" started-at="2024-01-30T18:57:47 IST" name="main_test" finished-at="2024-01-30T18:58:06 IST" duration-ms="18934" status="PASS">
          <reporter-output>
          </reporter-output>
        </test-method> <!-- main_test -->
      </class> <!-- Tester.Tester -->
    </test> <!-- Default test -->
  </suite> <!-- Default suite -->
</testng-results>
